2025-02-13 13:30:38,867 - __main__ - INFO - Starting bot...
2025-02-13 13:30:40,919 - httpx - INFO - HTTP Request: POST https://api.telegram.org/bot7230722694:AAH3bLHdSafSpgCnwuAwIfgbIbLGfDJIgCc/getMe "HTTP/1.1 200 OK"
2025-02-13 13:30:40,921 - telegram.ext.Application - INFO - Application started
2025-02-13 13:31:50,155 - __main__ - INFO - Starting bot...
2025-02-13 13:31:50,607 - httpx - INFO - HTTP Request: POST https://api.telegram.org/bot7230722694:AAH3bLHdSafSpgCnwuAwIfgbIbLGfDJIgCc/getMe "HTTP/1.1 200 OK"
2025-02-13 13:31:50,608 - telegram.ext.Application - INFO - Application started
2025-02-13 13:31:51,456 - __main__ - INFO - Starting bot...
2025-02-13 13:31:51,904 - httpx - INFO - HTTP Request: POST https://api.telegram.org/bot7230722694:AAH3bLHdSafSpgCnwuAwIfgbIbLGfDJIgCc/getMe "HTTP/1.1 200 OK"
2025-02-13 13:31:51,905 - telegram.ext.Application - INFO - Application started
2025-02-13 13:32:25,522 - __main__ - INFO - Starting bot...
2025-02-13 13:32:26,045 - httpx - INFO - HTTP Request: POST https://api.telegram.org/bot7230722694:AAH3bLHdSafSpgCnwuAwIfgbIbLGfDJIgCc/getMe "HTTP/1.1 200 OK"
2025-02-13 13:32:26,194 - httpx - INFO - HTTP Request: POST https://api.telegram.org/bot7230722694:AAH3bLHdSafSpgCnwuAwIfgbIbLGfDJIgCc/deleteWebhook "HTTP/1.1 200 OK"
2025-02-13 13:32:26,195 - telegram.ext.Application - INFO - Application started
2025-02-13 13:32:26,633 - httpx - INFO - HTTP Request: POST https://api.telegram.org/bot7230722694:AAH3bLHdSafSpgCnwuAwIfgbIbLGfDJIgCc/getUpdates "HTTP/1.1 200 OK"
2025-02-13 13:32:26,634 - bot.handlers - WARNING - Unauthorized access attempt from user 5269532633
2025-02-13 13:32:26,962 - httpx - INFO - HTTP Request: POST https://api.telegram.org/bot7230722694:AAH3bLHdSafSpgCnwuAwIfgbIbLGfDJIgCc/sendMessage "HTTP/1.1 200 OK"
2025-02-13 13:32:36,799 - httpx - INFO - HTTP Request: POST https://api.telegram.org/bot7230722694:AAH3bLHdSafSpgCnwuAwIfgbIbLGfDJIgCc/getUpdates "HTTP/1.1 200 OK"
2025-02-13 13:32:38,168 - httpx - INFO - HTTP Request: POST https://api.telegram.org/bot7230722694:AAH3bLHdSafSpgCnwuAwIfgbIbLGfDJIgCc/getUpdates "HTTP/1.1 200 OK"
2025-02-13 13:32:38,169 - bot.handlers - WARNING - Unauthorized access attempt from user 5269532633
2025-02-13 13:32:38,739 - httpx - INFO - HTTP Request: POST https://api.telegram.org/bot7230722694:AAH3bLHdSafSpgCnwuAwIfgbIbLGfDJIgCc/sendMessage "HTTP/1.1 200 OK"
2025-02-13 13:32:42,333 - __main__ - INFO - Starting bot...
2025-02-13 13:32:42,783 - httpx - INFO - HTTP Request: POST https://api.telegram.org/bot7230722694:AAH3bLHdSafSpgCnwuAwIfgbIbLGfDJIgCc/getMe "HTTP/1.1 200 OK"
2025-02-13 13:32:42,932 - httpx - INFO - HTTP Request: POST https://api.telegram.org/bot7230722694:AAH3bLHdSafSpgCnwuAwIfgbIbLGfDJIgCc/deleteWebhook "HTTP/1.1 200 OK"
2025-02-13 13:32:42,933 - telegram.ext.Application - INFO - Application started
2025-02-13 13:32:53,430 - httpx - INFO - HTTP Request: POST https://api.telegram.org/bot7230722694:AAH3bLHdSafSpgCnwuAwIfgbIbLGfDJIgCc/getUpdates "HTTP/1.1 200 OK"
2025-02-13 13:32:58,055 - httpx - INFO - HTTP Request: POST https://api.telegram.org/bot7230722694:AAH3bLHdSafSpgCnwuAwIfgbIbLGfDJIgCc/getUpdates "HTTP/1.1 200 OK"
2025-02-13 13:32:58,056 - telegram.ext.Application - INFO - Application is stopping. This might take a moment.
2025-02-13 13:32:58,056 - telegram.ext.Application - INFO - Application.stop() complete
2025-02-13 13:32:58,824 - __main__ - INFO - Starting bot...
2025-02-13 13:32:59,275 - httpx - INFO - HTTP Request: POST https://api.telegram.org/bot7230722694:AAH3bLHdSafSpgCnwuAwIfgbIbLGfDJIgCc/getMe "HTTP/1.1 200 OK"
2025-02-13 13:32:59,423 - httpx - INFO - HTTP Request: POST https://api.telegram.org/bot7230722694:AAH3bLHdSafSpgCnwuAwIfgbIbLGfDJIgCc/deleteWebhook "HTTP/1.1 200 OK"
2025-02-13 13:32:59,425 - telegram.ext.Application - INFO - Application started
2025-02-13 13:33:09,882 - httpx - INFO - HTTP Request: POST https://api.telegram.org/bot7230722694:AAH3bLHdSafSpgCnwuAwIfgbIbLGfDJIgCc/getUpdates "HTTP/1.1 200 OK"
2025-02-13 13:33:20,038 - httpx - INFO - HTTP Request: POST https://api.telegram.org/bot7230722694:AAH3bLHdSafSpgCnwuAwIfgbIbLGfDJIgCc/getUpdates "HTTP/1.1 200 OK"
2025-02-13 13:33:30,192 - httpx - INFO - HTTP Request: POST https://api.telegram.org/bot7230722694:AAH3bLHdSafSpgCnwuAwIfgbIbLGfDJIgCc/getUpdates "HTTP/1.1 200 OK"
2025-02-13 13:33:40,354 - httpx - INFO - HTTP Request: POST https://api.telegram.org/bot7230722694:AAH3bLHdSafSpgCnwuAwIfgbIbLGfDJIgCc/getUpdates "HTTP/1.1 200 OK"
2025-02-13 13:33:50,508 - httpx - INFO - HTTP Request: POST https://api.telegram.org/bot7230722694:AAH3bLHdSafSpgCnwuAwIfgbIbLGfDJIgCc/getUpdates "HTTP/1.1 200 OK"
2025-02-13 13:34:00,767 - httpx - INFO - HTTP Request: POST https://api.telegram.org/bot7230722694:AAH3bLHdSafSpgCnwuAwIfgbIbLGfDJIgCc/getUpdates "HTTP/1.1 200 OK"
2025-02-13 13:34:10,915 - httpx - INFO - HTTP Request: POST https://api.telegram.org/bot7230722694:AAH3bLHdSafSpgCnwuAwIfgbIbLGfDJIgCc/getUpdates "HTTP/1.1 200 OK"
2025-02-13 13:34:21,064 - httpx - INFO - HTTP Request: POST https://api.telegram.org/bot7230722694:AAH3bLHdSafSpgCnwuAwIfgbIbLGfDJIgCc/getUpdates "HTTP/1.1 200 OK"
2025-02-13 13:34:31,218 - httpx - INFO - HTTP Request: POST https://api.telegram.org/bot7230722694:AAH3bLHdSafSpgCnwuAwIfgbIbLGfDJIgCc/getUpdates "HTTP/1.1 200 OK"
2025-02-13 13:34:41,367 - httpx - INFO - HTTP Request: POST https://api.telegram.org/bot7230722694:AAH3bLHdSafSpgCnwuAwIfgbIbLGfDJIgCc/getUpdates "HTTP/1.1 200 OK"
2025-02-13 13:34:51,528 - httpx - INFO - HTTP Request: POST https://api.telegram.org/bot7230722694:AAH3bLHdSafSpgCnwuAwIfgbIbLGfDJIgCc/getUpdates "HTTP/1.1 200 OK"
2025-02-13 13:34:57,067 - httpx - INFO - HTTP Request: POST https://api.telegram.org/bot7230722694:AAH3bLHdSafSpgCnwuAwIfgbIbLGfDJIgCc/getUpdates "HTTP/1.1 200 OK"
2025-02-13 13:34:57,068 - telegram.ext.Application - INFO - Application is stopping. This might take a moment.
2025-02-13 13:34:57,069 - telegram.ext.Application - INFO - Application.stop() complete
2025-02-13 13:34:58,575 - __main__ - INFO - Starting bot...
2025-02-13 13:34:59,039 - httpx - INFO - HTTP Request: POST https://api.telegram.org/bot7230722694:AAH3bLHdSafSpgCnwuAwIfgbIbLGfDJIgCc/getMe "HTTP/1.1 200 OK"
2025-02-13 13:34:59,190 - httpx - INFO - HTTP Request: POST https://api.telegram.org/bot7230722694:AAH3bLHdSafSpgCnwuAwIfgbIbLGfDJIgCc/deleteWebhook "HTTP/1.1 200 OK"
2025-02-13 13:34:59,191 - telegram.ext.Application - INFO - Application started
2025-02-13 13:35:09,645 - httpx - INFO - HTTP Request: POST https://api.telegram.org/bot7230722694:AAH3bLHdSafSpgCnwuAwIfgbIbLGfDJIgCc/getUpdates "HTTP/1.1 200 OK"
2025-02-13 13:35:19,875 - httpx - INFO - HTTP Request: POST https://api.telegram.org/bot7230722694:AAH3bLHdSafSpgCnwuAwIfgbIbLGfDJIgCc/getUpdates "HTTP/1.1 200 OK"
2025-02-13 13:35:30,031 - httpx - INFO - HTTP Request: POST https://api.telegram.org/bot7230722694:AAH3bLHdSafSpgCnwuAwIfgbIbLGfDJIgCc/getUpdates "HTTP/1.1 200 OK"
2025-02-13 13:35:40,182 - httpx - INFO - HTTP Request: POST https://api.telegram.org/bot7230722694:AAH3bLHdSafSpgCnwuAwIfgbIbLGfDJIgCc/getUpdates "HTTP/1.1 200 OK"
2025-02-13 13:35:50,336 - httpx - INFO - HTTP Request: POST https://api.telegram.org/bot7230722694:AAH3bLHdSafSpgCnwuAwIfgbIbLGfDJIgCc/getUpdates "HTTP/1.1 200 OK"
2025-02-13 13:36:00,523 - httpx - INFO - HTTP Request: POST https://api.telegram.org/bot7230722694:AAH3bLHdSafSpgCnwuAwIfgbIbLGfDJIgCc/getUpdates "HTTP/1.1 200 OK"
2025-02-13 13:36:05,354 - __main__ - INFO - Starting bot...
2025-02-13 13:36:05,800 - httpx - INFO - HTTP Request: POST https://api.telegram.org/bot7230722694:AAH3bLHdSafSpgCnwuAwIfgbIbLGfDJIgCc/getMe "HTTP/1.1 200 OK"
2025-02-13 13:36:05,947 - httpx - INFO - HTTP Request: POST https://api.telegram.org/bot7230722694:AAH3bLHdSafSpgCnwuAwIfgbIbLGfDJIgCc/deleteWebhook "HTTP/1.1 200 OK"
2025-02-13 13:36:05,948 - telegram.ext.Application - INFO - Application started
2025-02-13 13:36:14,524 - httpx - INFO - HTTP Request: POST https://api.telegram.org/bot7230722694:AAH3bLHdSafSpgCnwuAwIfgbIbLGfDJIgCc/getUpdates "HTTP/1.1 200 OK"
2025-02-13 13:36:14,524 - telegram.ext.Application - INFO - Application is stopping. This might take a moment.
2025-02-13 13:36:14,525 - telegram.ext.Application - INFO - Application.stop() complete
2025-02-13 13:36:15,269 - __main__ - INFO - Starting bot...
2025-02-13 13:36:15,724 - httpx - INFO - HTTP Request: POST https://api.telegram.org/bot7230722694:AAH3bLHdSafSpgCnwuAwIfgbIbLGfDJIgCc/getMe "HTTP/1.1 200 OK"
2025-02-13 13:36:15,881 - httpx - INFO - HTTP Request: POST https://api.telegram.org/bot7230722694:AAH3bLHdSafSpgCnwuAwIfgbIbLGfDJIgCc/deleteWebhook "HTTP/1.1 200 OK"
2025-02-13 13:36:15,882 - telegram.ext.Application - INFO - Application started
2025-02-13 13:36:26,396 - httpx - INFO - HTTP Request: POST https://api.telegram.org/bot7230722694:AAH3bLHdSafSpgCnwuAwIfgbIbLGfDJIgCc/getUpdates "HTTP/1.1 200 OK"
2025-02-13 13:36:36,593 - httpx - INFO - HTTP Request: POST https://api.telegram.org/bot7230722694:AAH3bLHdSafSpgCnwuAwIfgbIbLGfDJIgCc/getUpdates "HTTP/1.1 200 OK"
2025-02-13 13:36:46,758 - httpx - INFO - HTTP Request: POST https://api.telegram.org/bot7230722694:AAH3bLHdSafSpgCnwuAwIfgbIbLGfDJIgCc/getUpdates "HTTP/1.1 200 OK"
2025-02-13 13:36:57,029 - httpx - INFO - HTTP Request: POST https://api.telegram.org/bot7230722694:AAH3bLHdSafSpgCnwuAwIfgbIbLGfDJIgCc/getUpdates "HTTP/1.1 200 OK"
2025-02-13 13:37:07,190 - httpx - INFO - HTTP Request: POST https://api.telegram.org/bot7230722694:AAH3bLHdSafSpgCnwuAwIfgbIbLGfDJIgCc/getUpdates "HTTP/1.1 200 OK"
2025-02-13 13:37:17,345 - httpx - INFO - HTTP Request: POST https://api.telegram.org/bot7230722694:AAH3bLHdSafSpgCnwuAwIfgbIbLGfDJIgCc/getUpdates "HTTP/1.1 200 OK"
2025-02-13 13:37:27,525 - httpx - INFO - HTTP Request: POST https://api.telegram.org/bot7230722694:AAH3bLHdSafSpgCnwuAwIfgbIbLGfDJIgCc/getUpdates "HTTP/1.1 200 OK"
2025-02-13 13:37:37,729 - httpx - INFO - HTTP Request: POST https://api.telegram.org/bot7230722694:AAH3bLHdSafSpgCnwuAwIfgbIbLGfDJIgCc/getUpdates "HTTP/1.1 200 OK"
2025-02-13 13:37:47,894 - httpx - INFO - HTTP Request: POST https://api.telegram.org/bot7230722694:AAH3bLHdSafSpgCnwuAwIfgbIbLGfDJIgCc/getUpdates "HTTP/1.1 200 OK"
2025-02-13 13:37:58,045 - httpx - INFO - HTTP Request: POST https://api.telegram.org/bot7230722694:AAH3bLHdSafSpgCnwuAwIfgbIbLGfDJIgCc/getUpdates "HTTP/1.1 200 OK"
2025-02-13 13:38:08,201 - httpx - INFO - HTTP Request: POST https://api.telegram.org/bot7230722694:AAH3bLHdSafSpgCnwuAwIfgbIbLGfDJIgCc/getUpdates "HTTP/1.1 200 OK"
2025-02-13 13:38:18,352 - httpx - INFO - HTTP Request: POST https://api.telegram.org/bot7230722694:AAH3bLHdSafSpgCnwuAwIfgbIbLGfDJIgCc/getUpdates "HTTP/1.1 200 OK"
2025-02-13 13:38:28,582 - httpx - INFO - HTTP Request: POST https://api.telegram.org/bot7230722694:AAH3bLHdSafSpgCnwuAwIfgbIbLGfDJIgCc/getUpdates "HTTP/1.1 200 OK"
2025-02-13 13:38:32,655 - httpx - INFO - HTTP Request: POST https://api.telegram.org/bot7230722694:AAH3bLHdSafSpgCnwuAwIfgbIbLGfDJIgCc/getUpdates "HTTP/1.1 200 OK"
2025-02-13 13:38:32,657 - bot.handlers - WARNING - Unauthorized access attempt from user 5269532633
2025-02-13 13:38:33,248 - httpx - INFO - HTTP Request: POST https://api.telegram.org/bot7230722694:AAH3bLHdSafSpgCnwuAwIfgbIbLGfDJIgCc/sendMessage "HTTP/1.1 200 OK"
2025-02-13 13:38:42,815 - httpx - INFO - HTTP Request: POST https://api.telegram.org/bot7230722694:AAH3bLHdSafSpgCnwuAwIfgbIbLGfDJIgCc/getUpdates "HTTP/1.1 200 OK"
2025-02-13 13:38:52,995 - httpx - INFO - HTTP Request: POST https://api.telegram.org/bot7230722694:AAH3bLHdSafSpgCnwuAwIfgbIbLGfDJIgCc/getUpdates "HTTP/1.1 200 OK"
2025-02-13 13:39:03,167 - httpx - INFO - HTTP Request: POST https://api.telegram.org/bot7230722694:AAH3bLHdSafSpgCnwuAwIfgbIbLGfDJIgCc/getUpdates "HTTP/1.1 200 OK"
2025-02-13 13:39:13,332 - httpx - INFO - HTTP Request: POST https://api.telegram.org/bot7230722694:AAH3bLHdSafSpgCnwuAwIfgbIbLGfDJIgCc/getUpdates "HTTP/1.1 200 OK"
2025-02-13 13:39:23,487 - httpx - INFO - HTTP Request: POST https://api.telegram.org/bot7230722694:AAH3bLHdSafSpgCnwuAwIfgbIbLGfDJIgCc/getUpdates "HTTP/1.1 200 OK"
2025-02-13 13:39:33,697 - httpx - INFO - HTTP Request: POST https://api.telegram.org/bot7230722694:AAH3bLHdSafSpgCnwuAwIfgbIbLGfDJIgCc/getUpdates "HTTP/1.1 200 OK"
2025-02-13 13:39:43,970 - httpx - INFO - HTTP Request: POST https://api.telegram.org/bot7230722694:AAH3bLHdSafSpgCnwuAwIfgbIbLGfDJIgCc/getUpdates "HTTP/1.1 200 OK"
2025-02-13 13:39:54,131 - httpx - INFO - HTTP Request: POST https://api.telegram.org/bot7230722694:AAH3bLHdSafSpgCnwuAwIfgbIbLGfDJIgCc/getUpdates "HTTP/1.1 200 OK"
2025-02-13 13:39:57,688 - httpx - INFO - HTTP Request: POST https://api.telegram.org/bot7230722694:AAH3bLHdSafSpgCnwuAwIfgbIbLGfDJIgCc/getUpdates "HTTP/1.1 200 OK"
2025-02-13 13:39:57,688 - telegram.ext.Application - INFO - Application is stopping. This might take a moment.
2025-02-13 13:39:57,689 - telegram.ext.Application - INFO - Application.stop() complete
2025-02-13 13:40:00,023 - __main__ - INFO - Starting bot...
2025-02-13 13:40:00,511 - httpx - INFO - HTTP Request: POST https://api.telegram.org/bot7230722694:AAH3bLHdSafSpgCnwuAwIfgbIbLGfDJIgCc/getMe "HTTP/1.1 200 OK"
2025-02-13 13:40:00,669 - httpx - INFO - HTTP Request: POST https://api.telegram.org/bot7230722694:AAH3bLHdSafSpgCnwuAwIfgbIbLGfDJIgCc/deleteWebhook "HTTP/1.1 200 OK"
2025-02-13 13:40:00,670 - telegram.ext.Application - INFO - Application started
2025-02-13 13:40:11,116 - httpx - INFO - HTTP Request: POST https://api.telegram.org/bot7230722694:AAH3bLHdSafSpgCnwuAwIfgbIbLGfDJIgCc/getUpdates "HTTP/1.1 200 OK"
2025-02-13 13:40:21,267 - httpx - INFO - HTTP Request: POST https://api.telegram.org/bot7230722694:AAH3bLHdSafSpgCnwuAwIfgbIbLGfDJIgCc/getUpdates "HTTP/1.1 200 OK"
2025-02-13 13:40:29,747 - httpx - INFO - HTTP Request: POST https://api.telegram.org/bot7230722694:AAH3bLHdSafSpgCnwuAwIfgbIbLGfDJIgCc/getUpdates "HTTP/1.1 200 OK"
2025-02-13 13:40:29,748 - telegram.ext.Application - INFO - Application is stopping. This might take a moment.
2025-02-13 13:40:29,748 - telegram.ext.Application - INFO - Application.stop() complete
2025-02-13 13:40:30,498 - __main__ - INFO - Starting bot...
2025-02-13 13:40:31,004 - httpx - INFO - HTTP Request: POST https://api.telegram.org/bot7230722694:AAH3bLHdSafSpgCnwuAwIfgbIbLGfDJIgCc/getMe "HTTP/1.1 200 OK"
2025-02-13 13:40:31,181 - httpx - INFO - HTTP Request: POST https://api.telegram.org/bot7230722694:AAH3bLHdSafSpgCnwuAwIfgbIbLGfDJIgCc/deleteWebhook "HTTP/1.1 200 OK"
2025-02-13 13:40:31,182 - telegram.ext.Application - INFO - Application started
2025-02-13 13:40:41,624 - httpx - INFO - HTTP Request: POST https://api.telegram.org/bot7230722694:AAH3bLHdSafSpgCnwuAwIfgbIbLGfDJIgCc/getUpdates "HTTP/1.1 200 OK"
2025-02-13 13:40:48,347 - httpx - INFO - HTTP Request: POST https://api.telegram.org/bot7230722694:AAH3bLHdSafSpgCnwuAwIfgbIbLGfDJIgCc/getUpdates "HTTP/1.1 200 OK"
2025-02-13 13:40:48,348 - telegram.ext.Application - INFO - Application is stopping. This might take a moment.
2025-02-13 13:40:48,348 - telegram.ext.Application - INFO - Application.stop() complete
2025-02-13 13:40:49,245 - bot.session - INFO - SessionManager initialized
2025-02-13 13:40:49,245 - bot.session - INFO - Updated allowed users: {5269532633}
2025-02-13 13:40:49,306 - __main__ - INFO - Starting bot...
2025-02-13 13:40:49,761 - httpx - INFO - HTTP Request: POST https://api.telegram.org/bot7230722694:AAH3bLHdSafSpgCnwuAwIfgbIbLGfDJIgCc/getMe "HTTP/1.1 200 OK"
2025-02-13 13:40:49,911 - httpx - INFO - HTTP Request: POST https://api.telegram.org/bot7230722694:AAH3bLHdSafSpgCnwuAwIfgbIbLGfDJIgCc/deleteWebhook "HTTP/1.1 200 OK"
2025-02-13 13:40:49,912 - telegram.ext.Application - INFO - Application started
2025-02-13 13:40:58,071 - httpx - INFO - HTTP Request: POST https://api.telegram.org/bot7230722694:AAH3bLHdSafSpgCnwuAwIfgbIbLGfDJIgCc/getUpdates "HTTP/1.1 200 OK"
2025-02-13 13:40:58,071 - telegram.ext.Application - INFO - Application is stopping. This might take a moment.
2025-02-13 13:40:58,072 - telegram.ext.Application - INFO - Application.stop() complete
2025-02-13 13:40:58,880 - bot.session - INFO - SessionManager initialized
2025-02-13 13:40:58,880 - bot.session - INFO - Updated allowed users: {5269532633}
2025-02-13 13:40:58,944 - __main__ - INFO - Starting bot...
2025-02-13 13:40:59,392 - httpx - INFO - HTTP Request: POST https://api.telegram.org/bot7230722694:AAH3bLHdSafSpgCnwuAwIfgbIbLGfDJIgCc/getMe "HTTP/1.1 200 OK"
2025-02-13 13:40:59,540 - httpx - INFO - HTTP Request: POST https://api.telegram.org/bot7230722694:AAH3bLHdSafSpgCnwuAwIfgbIbLGfDJIgCc/deleteWebhook "HTTP/1.1 200 OK"
2025-02-13 13:40:59,541 - telegram.ext.Application - INFO - Application started
2025-02-13 13:41:10,021 - httpx - INFO - HTTP Request: POST https://api.telegram.org/bot7230722694:AAH3bLHdSafSpgCnwuAwIfgbIbLGfDJIgCc/getUpdates "HTTP/1.1 200 OK"
2025-02-13 13:41:12,361 - httpx - INFO - HTTP Request: POST https://api.telegram.org/bot7230722694:AAH3bLHdSafSpgCnwuAwIfgbIbLGfDJIgCc/getUpdates "HTTP/1.1 200 OK"
2025-02-13 13:41:12,362 - bot.session - INFO - Access check for user 5269532633: denied
2025-02-13 13:41:12,362 - bot.handlers - WARNING - Unauthorized access attempt from user 5269532633
2025-02-13 13:41:12,933 - httpx - INFO - HTTP Request: POST https://api.telegram.org/bot7230722694:AAH3bLHdSafSpgCnwuAwIfgbIbLGfDJIgCc/sendMessage "HTTP/1.1 200 OK"
2025-02-13 13:41:22,513 - httpx - INFO - HTTP Request: POST https://api.telegram.org/bot7230722694:AAH3bLHdSafSpgCnwuAwIfgbIbLGfDJIgCc/getUpdates "HTTP/1.1 200 OK"
2025-02-13 13:41:32,692 - httpx - INFO - HTTP Request: POST https://api.telegram.org/bot7230722694:AAH3bLHdSafSpgCnwuAwIfgbIbLGfDJIgCc/getUpdates "HTTP/1.1 200 OK"
2025-02-13 13:41:42,859 - httpx - INFO - HTTP Request: POST https://api.telegram.org/bot7230722694:AAH3bLHdSafSpgCnwuAwIfgbIbLGfDJIgCc/getUpdates "HTTP/1.1 200 OK"
2025-02-13 13:41:48,619 - httpx - INFO - HTTP Request: POST https://api.telegram.org/bot7230722694:AAH3bLHdSafSpgCnwuAwIfgbIbLGfDJIgCc/getUpdates "HTTP/1.1 200 OK"
2025-02-13 13:41:48,619 - telegram.ext.Application - INFO - Application is stopping. This might take a moment.
2025-02-13 13:41:48,620 - telegram.ext.Application - INFO - Application.stop() complete
2025-02-13 13:41:49,687 - bot.session - INFO - SessionManager initialized
2025-02-13 13:41:49,688 - bot.session - INFO - Updated allowed users: {5269532633}
2025-02-13 13:41:49,776 - __main__ - INFO - Starting bot...
2025-02-13 13:41:50,228 - httpx - INFO - HTTP Request: POST https://api.telegram.org/bot7230722694:AAH3bLHdSafSpgCnwuAwIfgbIbLGfDJIgCc/getMe "HTTP/1.1 200 OK"
2025-02-13 13:41:50,377 - httpx - INFO - HTTP Request: POST https://api.telegram.org/bot7230722694:AAH3bLHdSafSpgCnwuAwIfgbIbLGfDJIgCc/deleteWebhook "HTTP/1.1 200 OK"
2025-02-13 13:41:50,378 - telegram.ext.Application - INFO - Application started
2025-02-13 13:42:00,176 - httpx - INFO - HTTP Request: POST https://api.telegram.org/bot7230722694:AAH3bLHdSafSpgCnwuAwIfgbIbLGfDJIgCc/getUpdates "HTTP/1.1 200 OK"
2025-02-13 13:42:00,177 - telegram.ext.Application - INFO - Application is stopping. This might take a moment.
2025-02-13 13:42:00,177 - telegram.ext.Application - INFO - Application.stop() complete
2025-02-13 13:42:01,035 - bot.session - INFO - SessionManager initialized
2025-02-13 13:42:01,036 - bot.session - INFO - Updated allowed users: {5269532633}
2025-02-13 13:42:01,101 - __main__ - INFO - Starting bot...
2025-02-13 13:42:01,558 - httpx - INFO - HTTP Request: POST https://api.telegram.org/bot7230722694:AAH3bLHdSafSpgCnwuAwIfgbIbLGfDJIgCc/getMe "HTTP/1.1 200 OK"
2025-02-13 13:42:01,738 - httpx - INFO - HTTP Request: POST https://api.telegram.org/bot7230722694:AAH3bLHdSafSpgCnwuAwIfgbIbLGfDJIgCc/deleteWebhook "HTTP/1.1 200 OK"
2025-02-13 13:42:01,740 - telegram.ext.Application - INFO - Application started
2025-02-13 13:42:12,187 - httpx - INFO - HTTP Request: POST https://api.telegram.org/bot7230722694:AAH3bLHdSafSpgCnwuAwIfgbIbLGfDJIgCc/getUpdates "HTTP/1.1 200 OK"
2025-02-13 13:42:17,591 - httpx - INFO - HTTP Request: POST https://api.telegram.org/bot7230722694:AAH3bLHdSafSpgCnwuAwIfgbIbLGfDJIgCc/getUpdates "HTTP/1.1 200 OK"
2025-02-13 13:42:17,593 - bot.handlers - INFO - Received /start command from user 5269532633
2025-02-13 13:42:17,593 - bot.session - INFO - Access check for user 5269532633: denied
2025-02-13 13:42:17,593 - bot.handlers - WARNING - Unauthorized access attempt from user 5269532633
2025-02-13 13:42:18,163 - httpx - INFO - HTTP Request: POST https://api.telegram.org/bot7230722694:AAH3bLHdSafSpgCnwuAwIfgbIbLGfDJIgCc/sendMessage "HTTP/1.1 200 OK"
2025-02-13 13:42:27,743 - httpx - INFO - HTTP Request: POST https://api.telegram.org/bot7230722694:AAH3bLHdSafSpgCnwuAwIfgbIbLGfDJIgCc/getUpdates "HTTP/1.1 200 OK"
2025-02-13 13:42:37,892 - httpx - INFO - HTTP Request: POST https://api.telegram.org/bot7230722694:AAH3bLHdSafSpgCnwuAwIfgbIbLGfDJIgCc/getUpdates "HTTP/1.1 200 OK"
2025-02-13 13:42:48,042 - httpx - INFO - HTTP Request: POST https://api.telegram.org/bot7230722694:AAH3bLHdSafSpgCnwuAwIfgbIbLGfDJIgCc/getUpdates "HTTP/1.1 200 OK"
2025-02-13 13:42:58,191 - httpx - INFO - HTTP Request: POST https://api.telegram.org/bot7230722694:AAH3bLHdSafSpgCnwuAwIfgbIbLGfDJIgCc/getUpdates "HTTP/1.1 200 OK"
2025-02-13 13:43:08,340 - httpx - INFO - HTTP Request: POST https://api.telegram.org/bot7230722694:AAH3bLHdSafSpgCnwuAwIfgbIbLGfDJIgCc/getUpdates "HTTP/1.1 200 OK"
2025-02-13 13:43:18,498 - httpx - INFO - HTTP Request: POST https://api.telegram.org/bot7230722694:AAH3bLHdSafSpgCnwuAwIfgbIbLGfDJIgCc/getUpdates "HTTP/1.1 200 OK"
2025-02-13 13:43:28,648 - httpx - INFO - HTTP Request: POST https://api.telegram.org/bot7230722694:AAH3bLHdSafSpgCnwuAwIfgbIbLGfDJIgCc/getUpdates "HTTP/1.1 200 OK"
2025-02-13 13:43:38,797 - httpx - INFO - HTTP Request: POST https://api.telegram.org/bot7230722694:AAH3bLHdSafSpgCnwuAwIfgbIbLGfDJIgCc/getUpdates "HTTP/1.1 200 OK"
2025-02-13 13:43:48,947 - httpx - INFO - HTTP Request: POST https://api.telegram.org/bot7230722694:AAH3bLHdSafSpgCnwuAwIfgbIbLGfDJIgCc/getUpdates "HTTP/1.1 200 OK"
2025-02-13 13:43:59,096 - httpx - INFO - HTTP Request: POST https://api.telegram.org/bot7230722694:AAH3bLHdSafSpgCnwuAwIfgbIbLGfDJIgCc/getUpdates "HTTP/1.1 200 OK"
2025-02-13 13:44:09,246 - httpx - INFO - HTTP Request: POST https://api.telegram.org/bot7230722694:AAH3bLHdSafSpgCnwuAwIfgbIbLGfDJIgCc/getUpdates "HTTP/1.1 200 OK"
2025-02-13 13:44:19,396 - httpx - INFO - HTTP Request: POST https://api.telegram.org/bot7230722694:AAH3bLHdSafSpgCnwuAwIfgbIbLGfDJIgCc/getUpdates "HTTP/1.1 200 OK"
2025-02-13 13:44:29,545 - httpx - INFO - HTTP Request: POST https://api.telegram.org/bot7230722694:AAH3bLHdSafSpgCnwuAwIfgbIbLGfDJIgCc/getUpdates "HTTP/1.1 200 OK"
2025-02-13 13:44:39,695 - httpx - INFO - HTTP Request: POST https://api.telegram.org/bot7230722694:AAH3bLHdSafSpgCnwuAwIfgbIbLGfDJIgCc/getUpdates "HTTP/1.1 200 OK"
2025-02-13 13:44:49,844 - httpx - INFO - HTTP Request: POST https://api.telegram.org/bot7230722694:AAH3bLHdSafSpgCnwuAwIfgbIbLGfDJIgCc/getUpdates "HTTP/1.1 200 OK"
2025-02-13 13:44:59,994 - httpx - INFO - HTTP Request: POST https://api.telegram.org/bot7230722694:AAH3bLHdSafSpgCnwuAwIfgbIbLGfDJIgCc/getUpdates "HTTP/1.1 200 OK"
2025-02-13 13:45:10,144 - httpx - INFO - HTTP Request: POST https://api.telegram.org/bot7230722694:AAH3bLHdSafSpgCnwuAwIfgbIbLGfDJIgCc/getUpdates "HTTP/1.1 200 OK"
2025-02-13 13:45:20,293 - httpx - INFO - HTTP Request: POST https://api.telegram.org/bot7230722694:AAH3bLHdSafSpgCnwuAwIfgbIbLGfDJIgCc/getUpdates "HTTP/1.1 200 OK"
2025-02-13 13:45:30,442 - httpx - INFO - HTTP Request: POST https://api.telegram.org/bot7230722694:AAH3bLHdSafSpgCnwuAwIfgbIbLGfDJIgCc/getUpdates "HTTP/1.1 200 OK"
2025-02-13 13:45:40,592 - httpx - INFO - HTTP Request: POST https://api.telegram.org/bot7230722694:AAH3bLHdSafSpgCnwuAwIfgbIbLGfDJIgCc/getUpdates "HTTP/1.1 200 OK"
2025-02-13 13:45:50,741 - httpx - INFO - HTTP Request: POST https://api.telegram.org/bot7230722694:AAH3bLHdSafSpgCnwuAwIfgbIbLGfDJIgCc/getUpdates "HTTP/1.1 200 OK"
2025-02-13 13:46:00,891 - httpx - INFO - HTTP Request: POST https://api.telegram.org/bot7230722694:AAH3bLHdSafSpgCnwuAwIfgbIbLGfDJIgCc/getUpdates "HTTP/1.1 200 OK"
2025-02-13 13:46:11,041 - httpx - INFO - HTTP Request: POST https://api.telegram.org/bot7230722694:AAH3bLHdSafSpgCnwuAwIfgbIbLGfDJIgCc/getUpdates "HTTP/1.1 200 OK"
2025-02-13 13:46:21,191 - httpx - INFO - HTTP Request: POST https://api.telegram.org/bot7230722694:AAH3bLHdSafSpgCnwuAwIfgbIbLGfDJIgCc/getUpdates "HTTP/1.1 200 OK"
2025-02-13 13:46:31,341 - httpx - INFO - HTTP Request: POST https://api.telegram.org/bot7230722694:AAH3bLHdSafSpgCnwuAwIfgbIbLGfDJIgCc/getUpdates "HTTP/1.1 200 OK"
2025-02-13 13:46:41,491 - httpx - INFO - HTTP Request: POST https://api.telegram.org/bot7230722694:AAH3bLHdSafSpgCnwuAwIfgbIbLGfDJIgCc/getUpdates "HTTP/1.1 200 OK"
2025-02-13 13:46:51,641 - httpx - INFO - HTTP Request: POST https://api.telegram.org/bot7230722694:AAH3bLHdSafSpgCnwuAwIfgbIbLGfDJIgCc/getUpdates "HTTP/1.1 200 OK"
2025-02-13 13:47:01,790 - httpx - INFO - HTTP Request: POST https://api.telegram.org/bot7230722694:AAH3bLHdSafSpgCnwuAwIfgbIbLGfDJIgCc/getUpdates "HTTP/1.1 200 OK"
2025-02-13 13:47:11,942 - httpx - INFO - HTTP Request: POST https://api.telegram.org/bot7230722694:AAH3bLHdSafSpgCnwuAwIfgbIbLGfDJIgCc/getUpdates "HTTP/1.1 200 OK"
2025-02-13 13:47:22,093 - httpx - INFO - HTTP Request: POST https://api.telegram.org/bot7230722694:AAH3bLHdSafSpgCnwuAwIfgbIbLGfDJIgCc/getUpdates "HTTP/1.1 200 OK"
2025-02-13 13:47:32,243 - httpx - INFO - HTTP Request: POST https://api.telegram.org/bot7230722694:AAH3bLHdSafSpgCnwuAwIfgbIbLGfDJIgCc/getUpdates "HTTP/1.1 200 OK"
2025-02-13 13:47:42,393 - httpx - INFO - HTTP Request: POST https://api.telegram.org/bot7230722694:AAH3bLHdSafSpgCnwuAwIfgbIbLGfDJIgCc/getUpdates "HTTP/1.1 200 OK"
2025-02-13 13:47:52,544 - httpx - INFO - HTTP Request: POST https://api.telegram.org/bot7230722694:AAH3bLHdSafSpgCnwuAwIfgbIbLGfDJIgCc/getUpdates "HTTP/1.1 200 OK"
2025-02-13 13:48:02,693 - httpx - INFO - HTTP Request: POST https://api.telegram.org/bot7230722694:AAH3bLHdSafSpgCnwuAwIfgbIbLGfDJIgCc/getUpdates "HTTP/1.1 200 OK"
2025-02-13 13:48:12,844 - httpx - INFO - HTTP Request: POST https://api.telegram.org/bot7230722694:AAH3bLHdSafSpgCnwuAwIfgbIbLGfDJIgCc/getUpdates "HTTP/1.1 200 OK"
2025-02-13 13:48:22,993 - httpx - INFO - HTTP Request: POST https://api.telegram.org/bot7230722694:AAH3bLHdSafSpgCnwuAwIfgbIbLGfDJIgCc/getUpdates "HTTP/1.1 200 OK"
2025-02-13 13:48:33,142 - httpx - INFO - HTTP Request: POST https://api.telegram.org/bot7230722694:AAH3bLHdSafSpgCnwuAwIfgbIbLGfDJIgCc/getUpdates "HTTP/1.1 200 OK"
2025-02-13 13:48:43,292 - httpx - INFO - HTTP Request: POST https://api.telegram.org/bot7230722694:AAH3bLHdSafSpgCnwuAwIfgbIbLGfDJIgCc/getUpdates "HTTP/1.1 200 OK"
2025-02-13 13:48:53,441 - httpx - INFO - HTTP Request: POST https://api.telegram.org/bot7230722694:AAH3bLHdSafSpgCnwuAwIfgbIbLGfDJIgCc/getUpdates "HTTP/1.1 200 OK"
2025-02-13 13:49:03,591 - httpx - INFO - HTTP Request: POST https://api.telegram.org/bot7230722694:AAH3bLHdSafSpgCnwuAwIfgbIbLGfDJIgCc/getUpdates "HTTP/1.1 200 OK"
2025-02-13 13:49:13,741 - httpx - INFO - HTTP Request: POST https://api.telegram.org/bot7230722694:AAH3bLHdSafSpgCnwuAwIfgbIbLGfDJIgCc/getUpdates "HTTP/1.1 200 OK"
2025-02-13 13:49:23,891 - httpx - INFO - HTTP Request: POST https://api.telegram.org/bot7230722694:AAH3bLHdSafSpgCnwuAwIfgbIbLGfDJIgCc/getUpdates "HTTP/1.1 200 OK"
2025-02-13 13:49:34,040 - httpx - INFO - HTTP Request: POST https://api.telegram.org/bot7230722694:AAH3bLHdSafSpgCnwuAwIfgbIbLGfDJIgCc/getUpdates "HTTP/1.1 200 OK"
2025-02-13 13:49:44,188 - httpx - INFO - HTTP Request: POST https://api.telegram.org/bot7230722694:AAH3bLHdSafSpgCnwuAwIfgbIbLGfDJIgCc/getUpdates "HTTP/1.1 200 OK"
2025-02-13 13:49:54,337 - httpx - INFO - HTTP Request: POST https://api.telegram.org/bot7230722694:AAH3bLHdSafSpgCnwuAwIfgbIbLGfDJIgCc/getUpdates "HTTP/1.1 200 OK"
2025-02-13 13:50:04,485 - httpx - INFO - HTTP Request: POST https://api.telegram.org/bot7230722694:AAH3bLHdSafSpgCnwuAwIfgbIbLGfDJIgCc/getUpdates "HTTP/1.1 200 OK"
2025-02-13 13:50:14,634 - httpx - INFO - HTTP Request: POST https://api.telegram.org/bot7230722694:AAH3bLHdSafSpgCnwuAwIfgbIbLGfDJIgCc/getUpdates "HTTP/1.1 200 OK"
2025-02-13 13:50:24,782 - httpx - INFO - HTTP Request: POST https://api.telegram.org/bot7230722694:AAH3bLHdSafSpgCnwuAwIfgbIbLGfDJIgCc/getUpdates "HTTP/1.1 200 OK"
2025-02-13 13:50:34,931 - httpx - INFO - HTTP Request: POST https://api.telegram.org/bot7230722694:AAH3bLHdSafSpgCnwuAwIfgbIbLGfDJIgCc/getUpdates "HTTP/1.1 200 OK"
2025-02-13 13:50:45,080 - httpx - INFO - HTTP Request: POST https://api.telegram.org/bot7230722694:AAH3bLHdSafSpgCnwuAwIfgbIbLGfDJIgCc/getUpdates "HTTP/1.1 200 OK"
2025-02-13 13:50:55,230 - httpx - INFO - HTTP Request: POST https://api.telegram.org/bot7230722694:AAH3bLHdSafSpgCnwuAwIfgbIbLGfDJIgCc/getUpdates "HTTP/1.1 200 OK"
2025-02-13 13:51:05,379 - httpx - INFO - HTTP Request: POST https://api.telegram.org/bot7230722694:AAH3bLHdSafSpgCnwuAwIfgbIbLGfDJIgCc/getUpdates "HTTP/1.1 200 OK"
2025-02-13 13:51:15,528 - httpx - INFO - HTTP Request: POST https://api.telegram.org/bot7230722694:AAH3bLHdSafSpgCnwuAwIfgbIbLGfDJIgCc/getUpdates "HTTP/1.1 200 OK"
2025-02-13 13:51:25,676 - httpx - INFO - HTTP Request: POST https://api.telegram.org/bot7230722694:AAH3bLHdSafSpgCnwuAwIfgbIbLGfDJIgCc/getUpdates "HTTP/1.1 200 OK"
2025-02-13 13:51:35,825 - httpx - INFO - HTTP Request: POST https://api.telegram.org/bot7230722694:AAH3bLHdSafSpgCnwuAwIfgbIbLGfDJIgCc/getUpdates "HTTP/1.1 200 OK"
2025-02-13 13:51:45,974 - httpx - INFO - HTTP Request: POST https://api.telegram.org/bot7230722694:AAH3bLHdSafSpgCnwuAwIfgbIbLGfDJIgCc/getUpdates "HTTP/1.1 200 OK"
2025-02-13 13:51:56,123 - httpx - INFO - HTTP Request: POST https://api.telegram.org/bot7230722694:AAH3bLHdSafSpgCnwuAwIfgbIbLGfDJIgCc/getUpdates "HTTP/1.1 200 OK"
2025-02-13 13:52:06,272 - httpx - INFO - HTTP Request: POST https://api.telegram.org/bot7230722694:AAH3bLHdSafSpgCnwuAwIfgbIbLGfDJIgCc/getUpdates "HTTP/1.1 200 OK"
2025-02-13 13:52:16,420 - httpx - INFO - HTTP Request: POST https://api.telegram.org/bot7230722694:AAH3bLHdSafSpgCnwuAwIfgbIbLGfDJIgCc/getUpdates "HTTP/1.1 200 OK"
2025-02-13 13:52:26,569 - httpx - INFO - HTTP Request: POST https://api.telegram.org/bot7230722694:AAH3bLHdSafSpgCnwuAwIfgbIbLGfDJIgCc/getUpdates "HTTP/1.1 200 OK"
2025-02-13 13:52:36,725 - httpx - INFO - HTTP Request: POST https://api.telegram.org/bot7230722694:AAH3bLHdSafSpgCnwuAwIfgbIbLGfDJIgCc/getUpdates "HTTP/1.1 200 OK"
2025-02-13 13:52:46,879 - httpx - INFO - HTTP Request: POST https://api.telegram.org/bot7230722694:AAH3bLHdSafSpgCnwuAwIfgbIbLGfDJIgCc/getUpdates "HTTP/1.1 200 OK"
2025-02-13 13:52:57,036 - httpx - INFO - HTTP Request: POST https://api.telegram.org/bot7230722694:AAH3bLHdSafSpgCnwuAwIfgbIbLGfDJIgCc/getUpdates "HTTP/1.1 200 OK"
2025-02-13 13:53:07,185 - httpx - INFO - HTTP Request: POST https://api.telegram.org/bot7230722694:AAH3bLHdSafSpgCnwuAwIfgbIbLGfDJIgCc/getUpdates "HTTP/1.1 200 OK"
2025-02-13 13:53:17,333 - httpx - INFO - HTTP Request: POST https://api.telegram.org/bot7230722694:AAH3bLHdSafSpgCnwuAwIfgbIbLGfDJIgCc/getUpdates "HTTP/1.1 200 OK"
2025-02-13 13:53:27,482 - httpx - INFO - HTTP Request: POST https://api.telegram.org/bot7230722694:AAH3bLHdSafSpgCnwuAwIfgbIbLGfDJIgCc/getUpdates "HTTP/1.1 200 OK"
2025-02-13 13:53:37,631 - httpx - INFO - HTTP Request: POST https://api.telegram.org/bot7230722694:AAH3bLHdSafSpgCnwuAwIfgbIbLGfDJIgCc/getUpdates "HTTP/1.1 200 OK"
2025-02-13 13:53:47,780 - httpx - INFO - HTTP Request: POST https://api.telegram.org/bot7230722694:AAH3bLHdSafSpgCnwuAwIfgbIbLGfDJIgCc/getUpdates "HTTP/1.1 200 OK"
2025-02-13 13:53:57,928 - httpx - INFO - HTTP Request: POST https://api.telegram.org/bot7230722694:AAH3bLHdSafSpgCnwuAwIfgbIbLGfDJIgCc/getUpdates "HTTP/1.1 200 OK"
2025-02-13 13:54:08,076 - httpx - INFO - HTTP Request: POST https://api.telegram.org/bot7230722694:AAH3bLHdSafSpgCnwuAwIfgbIbLGfDJIgCc/getUpdates "HTTP/1.1 200 OK"
2025-02-13 13:54:18,225 - httpx - INFO - HTTP Request: POST https://api.telegram.org/bot7230722694:AAH3bLHdSafSpgCnwuAwIfgbIbLGfDJIgCc/getUpdates "HTTP/1.1 200 OK"
2025-02-13 13:54:28,372 - httpx - INFO - HTTP Request: POST https://api.telegram.org/bot7230722694:AAH3bLHdSafSpgCnwuAwIfgbIbLGfDJIgCc/getUpdates "HTTP/1.1 200 OK"
2025-02-13 13:54:38,521 - httpx - INFO - HTTP Request: POST https://api.telegram.org/bot7230722694:AAH3bLHdSafSpgCnwuAwIfgbIbLGfDJIgCc/getUpdates "HTTP/1.1 200 OK"
2025-02-13 13:54:48,670 - httpx - INFO - HTTP Request: POST https://api.telegram.org/bot7230722694:AAH3bLHdSafSpgCnwuAwIfgbIbLGfDJIgCc/getUpdates "HTTP/1.1 200 OK"
2025-02-13 13:54:58,819 - httpx - INFO - HTTP Request: POST https://api.telegram.org/bot7230722694:AAH3bLHdSafSpgCnwuAwIfgbIbLGfDJIgCc/getUpdates "HTTP/1.1 200 OK"
2025-02-13 13:55:08,977 - httpx - INFO - HTTP Request: POST https://api.telegram.org/bot7230722694:AAH3bLHdSafSpgCnwuAwIfgbIbLGfDJIgCc/getUpdates "HTTP/1.1 200 OK"
2025-02-13 13:55:08,978 - telegram.ext.Application - INFO - Application is stopping. This might take a moment.
2025-02-13 13:55:08,978 - telegram.ext.Application - INFO - Application.stop() complete
2025-02-13 13:55:09,927 - bot.session - INFO - SessionManager initialized
2025-02-13 13:55:09,927 - bot.session - INFO - Updated allowed users: {5269532633}
2025-02-13 13:55:10,027 - __main__ - INFO - Starting bot...
2025-02-13 13:55:10,480 - httpx - INFO - HTTP Request: POST https://api.telegram.org/bot7230722694:AAH3bLHdSafSpgCnwuAwIfgbIbLGfDJIgCc/getMe "HTTP/1.1 200 OK"
2025-02-13 13:55:10,628 - httpx - INFO - HTTP Request: POST https://api.telegram.org/bot7230722694:AAH3bLHdSafSpgCnwuAwIfgbIbLGfDJIgCc/deleteWebhook "HTTP/1.1 200 OK"
2025-02-13 13:55:10,629 - telegram.ext.Application - INFO - Application started
2025-02-13 13:55:17,915 - httpx - INFO - HTTP Request: POST https://api.telegram.org/bot7230722694:AAH3bLHdSafSpgCnwuAwIfgbIbLGfDJIgCc/getUpdates "HTTP/1.1 200 OK"
2025-02-13 13:55:17,917 - bot.handlers - INFO - Received /start command from user 5269532633
2025-02-13 13:55:17,917 - bot.session - INFO - Access check for user 5269532633: denied
2025-02-13 13:55:17,917 - bot.handlers - WARNING - Unauthorized access attempt from user 5269532633
2025-02-13 13:55:18,528 - httpx - INFO - HTTP Request: POST https://api.telegram.org/bot7230722694:AAH3bLHdSafSpgCnwuAwIfgbIbLGfDJIgCc/sendMessage "HTTP/1.1 200 OK"
2025-02-13 13:55:21,646 - httpx - INFO - HTTP Request: POST https://api.telegram.org/bot7230722694:AAH3bLHdSafSpgCnwuAwIfgbIbLGfDJIgCc/getUpdates "HTTP/1.1 200 OK"
2025-02-13 13:55:21,647 - telegram.ext.Application - INFO - Application is stopping. This might take a moment.
2025-02-13 13:55:21,647 - telegram.ext.Application - INFO - Application.stop() complete
2025-02-13 13:55:22,348 - bot.session - INFO - SessionManager initialized
2025-02-13 13:55:22,348 - bot.session - INFO - Updated allowed users: {5269532633}
2025-02-13 13:55:22,971 - bot.session - INFO - SessionManager initialized
2025-02-13 13:55:22,972 - bot.session - INFO - Updated allowed users: {5269532633}
2025-02-13 13:55:23,046 - __main__ - INFO - Starting bot...
2025-02-13 13:55:23,539 - httpx - INFO - HTTP Request: POST https://api.telegram.org/bot7230722694:AAH3bLHdSafSpgCnwuAwIfgbIbLGfDJIgCc/getMe "HTTP/1.1 200 OK"
2025-02-13 13:55:23,687 - httpx - INFO - HTTP Request: POST https://api.telegram.org/bot7230722694:AAH3bLHdSafSpgCnwuAwIfgbIbLGfDJIgCc/deleteWebhook "HTTP/1.1 200 OK"
2025-02-13 13:55:23,688 - telegram.ext.Application - INFO - Application started
2025-02-13 13:55:34,132 - httpx - INFO - HTTP Request: POST https://api.telegram.org/bot7230722694:AAH3bLHdSafSpgCnwuAwIfgbIbLGfDJIgCc/getUpdates "HTTP/1.1 200 OK"
2025-02-13 13:55:44,282 - httpx - INFO - HTTP Request: POST https://api.telegram.org/bot7230722694:AAH3bLHdSafSpgCnwuAwIfgbIbLGfDJIgCc/getUpdates "HTTP/1.1 200 OK"
2025-02-13 13:55:54,431 - httpx - INFO - HTTP Request: POST https://api.telegram.org/bot7230722694:AAH3bLHdSafSpgCnwuAwIfgbIbLGfDJIgCc/getUpdates "HTTP/1.1 200 OK"
2025-02-13 13:56:04,581 - httpx - INFO - HTTP Request: POST https://api.telegram.org/bot7230722694:AAH3bLHdSafSpgCnwuAwIfgbIbLGfDJIgCc/getUpdates "HTTP/1.1 200 OK"
2025-02-13 13:56:14,731 - httpx - INFO - HTTP Request: POST https://api.telegram.org/bot7230722694:AAH3bLHdSafSpgCnwuAwIfgbIbLGfDJIgCc/getUpdates "HTTP/1.1 200 OK"
2025-02-13 13:56:24,882 - httpx - INFO - HTTP Request: POST https://api.telegram.org/bot7230722694:AAH3bLHdSafSpgCnwuAwIfgbIbLGfDJIgCc/getUpdates "HTTP/1.1 200 OK"
2025-02-13 13:56:35,032 - httpx - INFO - HTTP Request: POST https://api.telegram.org/bot7230722694:AAH3bLHdSafSpgCnwuAwIfgbIbLGfDJIgCc/getUpdates "HTTP/1.1 200 OK"
2025-02-13 13:56:45,181 - httpx - INFO - HTTP Request: POST https://api.telegram.org/bot7230722694:AAH3bLHdSafSpgCnwuAwIfgbIbLGfDJIgCc/getUpdates "HTTP/1.1 200 OK"
2025-02-13 13:56:55,331 - httpx - INFO - HTTP Request: POST https://api.telegram.org/bot7230722694:AAH3bLHdSafSpgCnwuAwIfgbIbLGfDJIgCc/getUpdates "HTTP/1.1 200 OK"
2025-02-13 13:57:05,481 - httpx - INFO - HTTP Request: POST https://api.telegram.org/bot7230722694:AAH3bLHdSafSpgCnwuAwIfgbIbLGfDJIgCc/getUpdates "HTTP/1.1 200 OK"
2025-02-13 13:57:15,638 - httpx - INFO - HTTP Request: POST https://api.telegram.org/bot7230722694:AAH3bLHdSafSpgCnwuAwIfgbIbLGfDJIgCc/getUpdates "HTTP/1.1 200 OK"
2025-02-13 13:57:25,788 - httpx - INFO - HTTP Request: POST https://api.telegram.org/bot7230722694:AAH3bLHdSafSpgCnwuAwIfgbIbLGfDJIgCc/getUpdates "HTTP/1.1 200 OK"
2025-02-13 13:57:35,937 - httpx - INFO - HTTP Request: POST https://api.telegram.org/bot7230722694:AAH3bLHdSafSpgCnwuAwIfgbIbLGfDJIgCc/getUpdates "HTTP/1.1 200 OK"
2025-02-13 13:57:46,087 - httpx - INFO - HTTP Request: POST https://api.telegram.org/bot7230722694:AAH3bLHdSafSpgCnwuAwIfgbIbLGfDJIgCc/getUpdates "HTTP/1.1 200 OK"
2025-02-13 13:57:56,237 - httpx - INFO - HTTP Request: POST https://api.telegram.org/bot7230722694:AAH3bLHdSafSpgCnwuAwIfgbIbLGfDJIgCc/getUpdates "HTTP/1.1 200 OK"
2025-02-13 13:58:06,388 - httpx - INFO - HTTP Request: POST https://api.telegram.org/bot7230722694:AAH3bLHdSafSpgCnwuAwIfgbIbLGfDJIgCc/getUpdates "HTTP/1.1 200 OK"
2025-02-13 13:58:16,870 - httpx - INFO - HTTP Request: POST https://api.telegram.org/bot7230722694:AAH3bLHdSafSpgCnwuAwIfgbIbLGfDJIgCc/getUpdates "HTTP/1.1 200 OK"
2025-02-13 13:58:16,871 - telegram.ext.Application - INFO - Application is stopping. This might take a moment.
2025-02-13 13:58:16,871 - telegram.ext.Application - INFO - Application.stop() complete
2025-02-13 13:58:18,000 - bot.session - INFO - SessionManager initialized
2025-02-13 13:58:18,000 - bot.session - INFO - Updated allowed users: {5269532633}
2025-02-13 13:58:18,077 - __main__ - INFO - Starting bot...
2025-02-13 13:58:18,536 - httpx - INFO - HTTP Request: POST https://api.telegram.org/bot7230722694:AAH3bLHdSafSpgCnwuAwIfgbIbLGfDJIgCc/getMe "HTTP/1.1 200 OK"
2025-02-13 13:58:18,684 - httpx - INFO - HTTP Request: POST https://api.telegram.org/bot7230722694:AAH3bLHdSafSpgCnwuAwIfgbIbLGfDJIgCc/deleteWebhook "HTTP/1.1 200 OK"
2025-02-13 13:58:18,685 - telegram.ext.Application - INFO - Application started
2025-02-13 13:58:29,139 - httpx - INFO - HTTP Request: POST https://api.telegram.org/bot7230722694:AAH3bLHdSafSpgCnwuAwIfgbIbLGfDJIgCc/getUpdates "HTTP/1.1 200 OK"
2025-02-13 13:58:39,298 - httpx - INFO - HTTP Request: POST https://api.telegram.org/bot7230722694:AAH3bLHdSafSpgCnwuAwIfgbIbLGfDJIgCc/getUpdates "HTTP/1.1 200 OK"
2025-02-13 13:58:49,467 - httpx - INFO - HTTP Request: POST https://api.telegram.org/bot7230722694:AAH3bLHdSafSpgCnwuAwIfgbIbLGfDJIgCc/getUpdates "HTTP/1.1 200 OK"
2025-02-13 13:58:59,656 - httpx - INFO - HTTP Request: POST https://api.telegram.org/bot7230722694:AAH3bLHdSafSpgCnwuAwIfgbIbLGfDJIgCc/getUpdates "HTTP/1.1 200 OK"
2025-02-13 13:59:09,838 - httpx - INFO - HTTP Request: POST https://api.telegram.org/bot7230722694:AAH3bLHdSafSpgCnwuAwIfgbIbLGfDJIgCc/getUpdates "HTTP/1.1 200 OK"
2025-02-13 13:59:18,292 - httpx - INFO - HTTP Request: POST https://api.telegram.org/bot7230722694:AAH3bLHdSafSpgCnwuAwIfgbIbLGfDJIgCc/getUpdates "HTTP/1.1 200 OK"
2025-02-13 13:59:18,292 - telegram.ext.Application - INFO - Application is stopping. This might take a moment.
2025-02-13 13:59:18,293 - telegram.ext.Application - INFO - Application.stop() complete
2025-02-13 13:59:19,374 - bot.session - INFO - SessionManager initialized
2025-02-13 13:59:19,374 - bot.session - INFO - Updated allowed users: {5269532633}
2025-02-13 13:59:19,441 - __main__ - INFO - Starting bot...
2025-02-13 13:59:19,957 - httpx - INFO - HTTP Request: POST https://api.telegram.org/bot7230722694:AAH3bLHdSafSpgCnwuAwIfgbIbLGfDJIgCc/getMe "HTTP/1.1 200 OK"
2025-02-13 13:59:20,179 - httpx - INFO - HTTP Request: POST https://api.telegram.org/bot7230722694:AAH3bLHdSafSpgCnwuAwIfgbIbLGfDJIgCc/deleteWebhook "HTTP/1.1 200 OK"
2025-02-13 13:59:20,180 - telegram.ext.Application - INFO - Application started
2025-02-13 13:59:30,665 - httpx - INFO - HTTP Request: POST https://api.telegram.org/bot7230722694:AAH3bLHdSafSpgCnwuAwIfgbIbLGfDJIgCc/getUpdates "HTTP/1.1 200 OK"
2025-02-13 13:59:40,818 - httpx - INFO - HTTP Request: POST https://api.telegram.org/bot7230722694:AAH3bLHdSafSpgCnwuAwIfgbIbLGfDJIgCc/getUpdates "HTTP/1.1 200 OK"
2025-02-13 13:59:50,980 - httpx - INFO - HTTP Request: POST https://api.telegram.org/bot7230722694:AAH3bLHdSafSpgCnwuAwIfgbIbLGfDJIgCc/getUpdates "HTTP/1.1 200 OK"
2025-02-13 14:00:01,156 - httpx - INFO - HTTP Request: POST https://api.telegram.org/bot7230722694:AAH3bLHdSafSpgCnwuAwIfgbIbLGfDJIgCc/getUpdates "HTTP/1.1 200 OK"
2025-02-13 14:00:11,308 - httpx - INFO - HTTP Request: POST https://api.telegram.org/bot7230722694:AAH3bLHdSafSpgCnwuAwIfgbIbLGfDJIgCc/getUpdates "HTTP/1.1 200 OK"
2025-02-13 14:00:19,049 - httpx - INFO - HTTP Request: POST https://api.telegram.org/bot7230722694:AAH3bLHdSafSpgCnwuAwIfgbIbLGfDJIgCc/getUpdates "HTTP/1.1 200 OK"
2025-02-13 14:00:19,050 - telegram.ext.Application - INFO - Application is stopping. This might take a moment.
2025-02-13 14:00:19,050 - telegram.ext.Application - INFO - Application.stop() complete
2025-02-13 14:00:19,724 - bot.session - INFO - SessionManager initialized
2025-02-13 14:00:19,724 - bot.session - INFO - Updated allowed users: {5269532633}
2025-02-13 14:00:19,793 - __main__ - INFO - Starting bot...
2025-02-13 14:00:20,259 - httpx - INFO - HTTP Request: POST https://api.telegram.org/bot7230722694:AAH3bLHdSafSpgCnwuAwIfgbIbLGfDJIgCc/getMe "HTTP/1.1 200 OK"
2025-02-13 14:00:20,419 - httpx - INFO - HTTP Request: POST https://api.telegram.org/bot7230722694:AAH3bLHdSafSpgCnwuAwIfgbIbLGfDJIgCc/deleteWebhook "HTTP/1.1 200 OK"
2025-02-13 14:00:20,421 - telegram.ext.Application - INFO - Application started
2025-02-13 14:00:30,868 - httpx - INFO - HTTP Request: POST https://api.telegram.org/bot7230722694:AAH3bLHdSafSpgCnwuAwIfgbIbLGfDJIgCc/getUpdates "HTTP/1.1 200 OK"
2025-02-13 14:00:41,018 - httpx - INFO - HTTP Request: POST https://api.telegram.org/bot7230722694:AAH3bLHdSafSpgCnwuAwIfgbIbLGfDJIgCc/getUpdates "HTTP/1.1 200 OK"
2025-02-13 14:00:51,168 - httpx - INFO - HTTP Request: POST https://api.telegram.org/bot7230722694:AAH3bLHdSafSpgCnwuAwIfgbIbLGfDJIgCc/getUpdates "HTTP/1.1 200 OK"
2025-02-13 14:01:01,319 - httpx - INFO - HTTP Request: POST https://api.telegram.org/bot7230722694:AAH3bLHdSafSpgCnwuAwIfgbIbLGfDJIgCc/getUpdates "HTTP/1.1 200 OK"
2025-02-13 14:01:11,471 - httpx - INFO - HTTP Request: POST https://api.telegram.org/bot7230722694:AAH3bLHdSafSpgCnwuAwIfgbIbLGfDJIgCc/getUpdates "HTTP/1.1 200 OK"
2025-02-13 14:01:21,625 - httpx - INFO - HTTP Request: POST https://api.telegram.org/bot7230722694:AAH3bLHdSafSpgCnwuAwIfgbIbLGfDJIgCc/getUpdates "HTTP/1.1 200 OK"
2025-02-13 14:01:31,089 - bot.session - INFO - SessionManager initialized
2025-02-13 14:01:31,089 - bot.session - INFO - Updated allowed users: {5269532633}
2025-02-13 14:01:31,164 - __main__ - INFO - Starting bot...
2025-02-13 14:01:31,615 - httpx - INFO - HTTP Request: POST https://api.telegram.org/bot7230722694:AAH3bLHdSafSpgCnwuAwIfgbIbLGfDJIgCc/getMe "HTTP/1.1 200 OK"
2025-02-13 14:01:31,766 - httpx - INFO - HTTP Request: POST https://api.telegram.org/bot7230722694:AAH3bLHdSafSpgCnwuAwIfgbIbLGfDJIgCc/deleteWebhook "HTTP/1.1 200 OK"
2025-02-13 14:01:31,767 - telegram.ext.Application - INFO - Application started
2025-02-13 14:01:31,775 - httpx - INFO - HTTP Request: POST https://api.telegram.org/bot7230722694:AAH3bLHdSafSpgCnwuAwIfgbIbLGfDJIgCc/getUpdates "HTTP/1.1 200 OK"
2025-02-13 14:01:32,219 - httpx - INFO - HTTP Request: POST https://api.telegram.org/bot7230722694:AAH3bLHdSafSpgCnwuAwIfgbIbLGfDJIgCc/getUpdates "HTTP/1.1 409 Conflict"
2025-02-13 14:01:32,219 - bot.handlers - ERROR - Update None caused error Conflict: terminated by other getUpdates request; make sure that only one bot instance is running
2025-02-13 14:01:36,371 - httpx - INFO - HTTP Request: POST https://api.telegram.org/bot7230722694:AAH3bLHdSafSpgCnwuAwIfgbIbLGfDJIgCc/getUpdates "HTTP/1.1 409 Conflict"
2025-02-13 14:01:36,379 - bot.handlers - ERROR - Update None caused error Conflict: terminated by other getUpdates request; make sure that only one bot instance is running
2025-02-13 14:01:37,529 - httpx - INFO - HTTP Request: POST https://api.telegram.org/bot7230722694:AAH3bLHdSafSpgCnwuAwIfgbIbLGfDJIgCc/getUpdates "HTTP/1.1 409 Conflict"
2025-02-13 14:01:37,530 - bot.handlers - ERROR - Update None caused error Conflict: terminated by other getUpdates request; make sure that only one bot instance is running
2025-02-13 14:01:42,185 - httpx - INFO - HTTP Request: POST https://api.telegram.org/bot7230722694:AAH3bLHdSafSpgCnwuAwIfgbIbLGfDJIgCc/getUpdates "HTTP/1.1 409 Conflict"
2025-02-13 14:01:42,186 - bot.handlers - ERROR - Update None caused error Conflict: terminated by other getUpdates request; make sure that only one bot instance is running
2025-02-13 14:01:43,837 - httpx - INFO - HTTP Request: POST https://api.telegram.org/bot7230722694:AAH3bLHdSafSpgCnwuAwIfgbIbLGfDJIgCc/getUpdates "HTTP/1.1 409 Conflict"
2025-02-13 14:01:43,838 - bot.handlers - ERROR - Update None caused error Conflict: terminated by other getUpdates request; make sure that only one bot instance is running
2025-02-13 14:01:49,238 - httpx - INFO - HTTP Request: POST https://api.telegram.org/bot7230722694:AAH3bLHdSafSpgCnwuAwIfgbIbLGfDJIgCc/getUpdates "HTTP/1.1 409 Conflict"
2025-02-13 14:01:49,239 - bot.handlers - ERROR - Update None caused error Conflict: terminated by other getUpdates request; make sure that only one bot instance is running
2025-02-13 14:01:53,122 - bot.session - INFO - SessionManager initialized
2025-02-13 14:01:53,122 - bot.session - INFO - Updated allowed users: {5269532633}
2025-02-13 14:01:53,187 - __main__ - INFO - Starting bot...
2025-02-13 14:01:53,660 - httpx - INFO - HTTP Request: POST https://api.telegram.org/bot7230722694:AAH3bLHdSafSpgCnwuAwIfgbIbLGfDJIgCc/getMe "HTTP/1.1 200 OK"
2025-02-13 14:01:53,817 - httpx - INFO - HTTP Request: POST https://api.telegram.org/bot7230722694:AAH3bLHdSafSpgCnwuAwIfgbIbLGfDJIgCc/deleteWebhook "HTTP/1.1 200 OK"
2025-02-13 14:01:53,819 - telegram.ext.Application - INFO - Application started
2025-02-13 14:01:54,267 - httpx - INFO - HTTP Request: POST https://api.telegram.org/bot7230722694:AAH3bLHdSafSpgCnwuAwIfgbIbLGfDJIgCc/getUpdates "HTTP/1.1 409 Conflict"
2025-02-13 14:01:54,268 - bot.handlers - ERROR - Update None caused error Conflict: terminated by other getUpdates request; make sure that only one bot instance is running
2025-02-13 14:01:57,805 - httpx - INFO - HTTP Request: POST https://api.telegram.org/bot7230722694:AAH3bLHdSafSpgCnwuAwIfgbIbLGfDJIgCc/getUpdates "HTTP/1.1 409 Conflict"
2025-02-13 14:01:57,806 - bot.handlers - ERROR - Update None caused error Conflict: terminated by other getUpdates request; make sure that only one bot instance is running
2025-02-13 14:02:01,974 - httpx - INFO - HTTP Request: POST https://api.telegram.org/bot7230722694:AAH3bLHdSafSpgCnwuAwIfgbIbLGfDJIgCc/getUpdates "HTTP/1.1 409 Conflict"
2025-02-13 14:02:01,975 - bot.handlers - ERROR - Update None caused error Conflict: terminated by other getUpdates request; make sure that only one bot instance is running
2025-02-13 14:02:07,507 - httpx - INFO - HTTP Request: POST https://api.telegram.org/bot7230722694:AAH3bLHdSafSpgCnwuAwIfgbIbLGfDJIgCc/getUpdates "HTTP/1.1 409 Conflict"
2025-02-13 14:02:07,508 - bot.handlers - ERROR - Update None caused error Conflict: terminated by other getUpdates request; make sure that only one bot instance is running
2025-02-13 14:02:12,171 - httpx - INFO - HTTP Request: POST https://api.telegram.org/bot7230722694:AAH3bLHdSafSpgCnwuAwIfgbIbLGfDJIgCc/getUpdates "HTTP/1.1 409 Conflict"
2025-02-13 14:02:12,171 - bot.handlers - ERROR - Update None caused error Conflict: terminated by other getUpdates request; make sure that only one bot instance is running
2025-02-13 14:02:19,162 - httpx - INFO - HTTP Request: POST https://api.telegram.org/bot7230722694:AAH3bLHdSafSpgCnwuAwIfgbIbLGfDJIgCc/getUpdates "HTTP/1.1 200 OK"
2025-02-13 14:02:20,255 - httpx - INFO - HTTP Request: POST https://api.telegram.org/bot7230722694:AAH3bLHdSafSpgCnwuAwIfgbIbLGfDJIgCc/getUpdates "HTTP/1.1 409 Conflict"
2025-02-13 14:02:20,256 - bot.handlers - ERROR - Update None caused error Conflict: terminated by other getUpdates request; make sure that only one bot instance is running
2025-02-13 14:02:24,441 - httpx - INFO - HTTP Request: POST https://api.telegram.org/bot7230722694:AAH3bLHdSafSpgCnwuAwIfgbIbLGfDJIgCc/getUpdates "HTTP/1.1 409 Conflict"
2025-02-13 14:02:24,442 - bot.handlers - ERROR - Update None caused error Conflict: terminated by other getUpdates request; make sure that only one bot instance is running
2025-02-13 14:02:31,416 - httpx - INFO - HTTP Request: POST https://api.telegram.org/bot7230722694:AAH3bLHdSafSpgCnwuAwIfgbIbLGfDJIgCc/getUpdates "HTTP/1.1 200 OK"
2025-02-13 14:02:36,293 - httpx - INFO - HTTP Request: POST https://api.telegram.org/bot7230722694:AAH3bLHdSafSpgCnwuAwIfgbIbLGfDJIgCc/getUpdates "HTTP/1.1 409 Conflict"
2025-02-13 14:02:36,294 - bot.handlers - ERROR - Update None caused error Conflict: terminated by other getUpdates request; make sure that only one bot instance is running
2025-02-13 14:02:40,449 - httpx - INFO - HTTP Request: POST https://api.telegram.org/bot7230722694:AAH3bLHdSafSpgCnwuAwIfgbIbLGfDJIgCc/getUpdates "HTTP/1.1 409 Conflict"
2025-02-13 14:02:40,450 - bot.handlers - ERROR - Update None caused error Conflict: terminated by other getUpdates request; make sure that only one bot instance is running
2025-02-13 14:02:47,451 - httpx - INFO - HTTP Request: POST https://api.telegram.org/bot7230722694:AAH3bLHdSafSpgCnwuAwIfgbIbLGfDJIgCc/getUpdates "HTTP/1.1 200 OK"
2025-02-13 14:02:57,613 - httpx - INFO - HTTP Request: POST https://api.telegram.org/bot7230722694:AAH3bLHdSafSpgCnwuAwIfgbIbLGfDJIgCc/getUpdates "HTTP/1.1 200 OK"
2025-02-13 14:02:58,010 - httpx - INFO - HTTP Request: POST https://api.telegram.org/bot7230722694:AAH3bLHdSafSpgCnwuAwIfgbIbLGfDJIgCc/getUpdates "HTTP/1.1 409 Conflict"
2025-02-13 14:02:58,011 - bot.handlers - ERROR - Update None caused error Conflict: terminated by other getUpdates request; make sure that only one bot instance is running
2025-02-13 14:03:02,184 - httpx - INFO - HTTP Request: POST https://api.telegram.org/bot7230722694:AAH3bLHdSafSpgCnwuAwIfgbIbLGfDJIgCc/getUpdates "HTTP/1.1 409 Conflict"
2025-02-13 14:03:02,184 - bot.handlers - ERROR - Update None caused error Conflict: terminated by other getUpdates request; make sure that only one bot instance is running
2025-02-13 14:03:32,442 - httpx - INFO - HTTP Request: POST https://api.telegram.org/bot7230722694:AAH3bLHdSafSpgCnwuAwIfgbIbLGfDJIgCc/getUpdates "HTTP/1.1 409 Conflict"
2025-02-13 14:03:32,442 - bot.handlers - ERROR - Update None caused error Conflict: terminated by other getUpdates request; make sure that only one bot instance is running
2025-02-13 14:04:07,169 - httpx - INFO - HTTP Request: POST https://api.telegram.org/bot7230722694:AAH3bLHdSafSpgCnwuAwIfgbIbLGfDJIgCc/getUpdates "HTTP/1.1 409 Conflict"
2025-02-13 14:04:07,170 - bot.handlers - ERROR - Update None caused error Conflict: terminated by other getUpdates request; make sure that only one bot instance is running
2025-02-13 14:04:41,882 - httpx - INFO - HTTP Request: POST https://api.telegram.org/bot7230722694:AAH3bLHdSafSpgCnwuAwIfgbIbLGfDJIgCc/getUpdates "HTTP/1.1 409 Conflict"
2025-02-13 14:04:41,882 - bot.handlers - ERROR - Update None caused error Conflict: terminated by other getUpdates request; make sure that only one bot instance is running
2025-02-13 14:05:16,528 - httpx - INFO - HTTP Request: POST https://api.telegram.org/bot7230722694:AAH3bLHdSafSpgCnwuAwIfgbIbLGfDJIgCc/getUpdates "HTTP/1.1 409 Conflict"
2025-02-13 14:05:16,529 - bot.handlers - ERROR - Update None caused error Conflict: terminated by other getUpdates request; make sure that only one bot instance is running
2025-02-13 14:05:51,157 - httpx - INFO - HTTP Request: POST https://api.telegram.org/bot7230722694:AAH3bLHdSafSpgCnwuAwIfgbIbLGfDJIgCc/getUpdates "HTTP/1.1 409 Conflict"
2025-02-13 14:05:51,159 - bot.handlers - ERROR - Update None caused error Conflict: terminated by other getUpdates request; make sure that only one bot instance is running
2025-02-13 14:06:25,852 - httpx - INFO - HTTP Request: POST https://api.telegram.org/bot7230722694:AAH3bLHdSafSpgCnwuAwIfgbIbLGfDJIgCc/getUpdates "HTTP/1.1 409 Conflict"
2025-02-13 14:06:25,853 - bot.handlers - ERROR - Update None caused error Conflict: terminated by other getUpdates request; make sure that only one bot instance is running
